<?xml version="1.0" encoding="UTF-8"?>
<testng-results ignored="0" total="1" passed="1" failed="0" skipped="0">
  <reporter-output>
  </reporter-output>
  <suite started-at="2024-06-13T12:38:04 IST" name="Default suite" finished-at="2024-06-13T12:38:12 IST" duration-ms="7987">
    <groups>
      <group name="Regression">
        <method signature="LoginPageErrorMessageValidationTest.EcomerceOrderPlacingTest()[pri:0, instance:GR.Tests.LoginPageErrorMessageValidationTest@5876a9af]" name="EcomerceOrderPlacingTest" class="GR.Tests.LoginPageErrorMessageValidationTest"/>
      </group> <!-- Regression -->
    </groups>
    <test started-at="2024-06-13T12:38:04 IST" name="Default test" finished-at="2024-06-13T12:38:12 IST" duration-ms="7987">
      <class name="GR.Tests.LoginPageErrorMessageValidationTest">
        <test-method is-config="true" signature="LaunchApplication()[pri:0, instance:GR.Tests.LoginPageErrorMessageValidationTest@5876a9af]" started-at="2024-06-13T12:38:04 IST" name="LaunchApplication" finished-at="2024-06-13T12:38:07 IST" duration-ms="3115" status="PASS">
          <reporter-output>
          </reporter-output>
        </test-method> <!-- LaunchApplication -->
        <test-method signature="EcomerceOrderPlacingTest()[pri:0, instance:GR.Tests.LoginPageErrorMessageValidationTest@5876a9af]" started-at="2024-06-13T12:38:07 IST" name="EcomerceOrderPlacingTest" finished-at="2024-06-13T12:38:12 IST" duration-ms="4752" status="PASS">
          <reporter-output>
          </reporter-output>
        </test-method> <!-- EcomerceOrderPlacingTest -->
        <test-method is-config="true" signature="TearDown()[pri:0, instance:GR.Tests.LoginPageErrorMessageValidationTest@5876a9af]" started-at="2024-06-13T12:38:12 IST" name="TearDown" finished-at="2024-06-13T12:38:12 IST" duration-ms="79" status="PASS">
          <reporter-output>
          </reporter-output>
        </test-method> <!-- TearDown -->
      </class> <!-- GR.Tests.LoginPageErrorMessageValidationTest -->
    </test> <!-- Default test -->
  </suite> <!-- Default suite -->
</testng-results>
