<?xml version="1.0" encoding="UTF-8"?>
<!-- Generated by org.testng.reporters.JUnitReportReporter -->
<testsuite hostname="JINO" failures="0" tests="1" name="Cucumber.TestNGTestRunner" time="0.095" errors="1" timestamp="2024-04-28T19:18:44 IST" skipped="0">
  <testcase classname="Cucumber.TestNGTestRunner" name="runScenario" time="0.095">
    <error message="Cannot invoke &quot;GR.Pages.LandingPage.LoginApplication(String, String)&quot; because &quot;this.landingPage&quot; is null" type="java.lang.NullPointerException">
      <![CDATA[java.lang.NullPointerException: Cannot invoke "GR.Pages.LandingPage.LoginApplication(String, String)" because "this.landingPage" is null
at GR.StepDefinition.StepDefinition.Logged_with_username_and_password(StepDefinition.java:39)
at ✽.Logged in with username techworld7982@gmail.com and password Jinjin@123(file:///C:/Users/jinog/OneDrive/Desktop/Automation/Selenium%20Java%20Projects/SeleniumProject/src/test/java/Cucumber/OrderPlacing.feature:10)
]]>
    </error>
  </testcase> <!-- runScenario -->
  <system-out/>
</testsuite> <!-- Cucumber.TestNGTestRunner -->
